<?xml version="1.0" encoding="UTF-8"?>
<!-- Generated by org.testng.reporters.JUnitReportReporter -->
<testsuite hostname="FAI-BLR07L1095" failures="0" tests="1" name="project1.google_app.google" time="0.617" errors="0" timestamp="2020-02-23T11:27:25 IST" skipped="0">
  <testcase classname="project1.google_app.google" name="test" time="0.617"/>
</testsuite> <!-- project1.google_app.google -->
